This is pdfTeX, Version 3.141592653-2.6-1.40.26 (TeX Live 2024) (preloaded format=pdflatex 2024.3.16)  17 MAY 2024 17:47
entering extended mode
 restricted \write18 enabled.
 file:line:error style messages enabled.
 %&-line parsing enabled.
**/Users/anujshrivastava/Project2_IMDB_Classifier-3/report/report.tex
(/Users/anujshrivastava/Project2_IMDB_Classifier-3/report/report.tex
LaTeX2e <2023-11-01> patch level 1
L3 programming layer <2024-02-20>
(/usr/local/texlive/2024/texmf-dist/tex/latex/base/article.cls
Document Class: article 2023/05/17 v1.4n Standard LaTeX document class
(/usr/local/texlive/2024/texmf-dist/tex/latex/base/size11.clo
File: size11.clo 2023/05/17 v1.4n Standard LaTeX file (size option)
)
\c@part=\count188
\c@section=\count189
\c@subsection=\count190
\c@subsubsection=\count191
\c@paragraph=\count192
\c@subparagraph=\count193
\c@figure=\count194
\c@table=\count195
\abovecaptionskip=\skip48
\belowcaptionskip=\skip49
\bibindent=\dimen140
) (./colacl.sty

ALTW 2005 Proceedings style -- June 7th 2005
derived from
ACL-COLING 1998 Proceedings style -- March 31st 1998

\titlebox=\skip50
) (/usr/local/texlive/2024/texmf-dist/tex/latex/graphics/graphicx.sty
Package: graphicx 2021/09/16 v1.2d Enhanced LaTeX Graphics (DPC,SPQR)
 (/usr/local/texlive/2024/texmf-dist/tex/latex/graphics/keyval.sty
Package: keyval 2022/05/29 v1.15 key=value parser (DPC)
\KV@toks@=\toks17
) (/usr/local/texlive/2024/texmf-dist/tex/latex/graphics/graphics.sty
Package: graphics 2022/03/10 v1.4e Standard LaTeX Graphics (DPC,SPQR)
 (/usr/local/texlive/2024/texmf-dist/tex/latex/graphics/trig.sty
Package: trig 2021/08/11 v1.11 sin cos tan (DPC)
) (/usr/local/texlive/2024/texmf-dist/tex/latex/graphics-cfg/graphics.cfg
File: graphics.cfg 2016/06/04 v1.11 sample graphics configuration
)
Package graphics Info: Driver file: pdftex.def on input line 107.
 (/usr/local/texlive/2024/texmf-dist/tex/latex/graphics-def/pdftex.def
File: pdftex.def 2022/09/22 v1.2b Graphics/color driver for pdftex
))
\Gin@req@height=\dimen141
\Gin@req@width=\dimen142
) (/usr/local/texlive/2024/texmf-dist/tex/latex/l3backend/l3backend-pdftex.def
File: l3backend-pdftex.def 2024-02-20 L3 backend support: PDF output (pdfTeX)
\l__color_backend_stack_int=\count196
\l__pdf_internal_box=\box51
) (./report.aux)
\openout1 = `report.aux'.

LaTeX Font Info:    Checking defaults for OML/cmm/m/it on input line 13.
LaTeX Font Info:    ... okay on input line 13.
LaTeX Font Info:    Checking defaults for OMS/cmsy/m/n on input line 13.
LaTeX Font Info:    ... okay on input line 13.
LaTeX Font Info:    Checking defaults for OT1/cmr/m/n on input line 13.
LaTeX Font Info:    ... okay on input line 13.
LaTeX Font Info:    Checking defaults for T1/cmr/m/n on input line 13.
LaTeX Font Info:    ... okay on input line 13.
LaTeX Font Info:    Checking defaults for TS1/cmr/m/n on input line 13.
LaTeX Font Info:    ... okay on input line 13.
LaTeX Font Info:    Checking defaults for OMX/cmex/m/n on input line 13.
LaTeX Font Info:    ... okay on input line 13.
LaTeX Font Info:    Checking defaults for U/cmr/m/n on input line 13.
LaTeX Font Info:    ... okay on input line 13.
 (/usr/local/texlive/2024/texmf-dist/tex/context/base/mkii/supp-pdf.mkii
[Loading MPS to PDF converter (version 2006.09.02).]
\scratchcounter=\count197
\scratchdimen=\dimen143
\scratchbox=\box52
\nofMPsegments=\count198
\nofMParguments=\count199
\everyMPshowfont=\toks18
\MPscratchCnt=\count266
\MPscratchDim=\dimen144
\MPnumerator=\count267
\makeMPintoPDFobject=\count268
\everyMPtoPDFconversion=\toks19
) (/usr/local/texlive/2024/texmf-dist/tex/latex/epstopdf-pkg/epstopdf-base.sty
Package: epstopdf-base 2020-01-24 v2.11 Base part for package epstopdf
Package epstopdf-base Info: Redefining graphics rule for `.eps' on input line 485.
 (/usr/local/texlive/2024/texmf-dist/tex/latex/latexconfig/epstopdf-sys.cfg
File: epstopdf-sys.cfg 2010/07/13 v1.3 Configuration of (r)epstopdf for TeX Live
))
LaTeX Font Info:    External font `cmex10' loaded for size
(Font)              <12> on input line 14.
LaTeX Font Info:    External font `cmex10' loaded for size
(Font)              <8> on input line 14.
LaTeX Font Info:    External font `cmex10' loaded for size
(Font)              <6> on input line 14.
 (./methodology.tex [1{/usr/local/texlive/2024/texmf-var/fonts/map/pdftex/updmap/pdftex.map}



{/usr/local/texlive/2024/texmf-dist/fonts/enc/dvips/cm-super/cm-super-ts1.enc}]
Underfull \hbox (badness 1810) in paragraph at lines 50--51
[]\OT1/cmr/m/n/10.95 This model is akin to sev-eral mod-els
 []


Underfull \hbox (badness 10000) in paragraph at lines 51--53

 []

) (./results.tex
<res/class-dist.png, id=11, 774.7344pt x 538.4115pt>
File: res/class-dist.png Graphic file (type png)
<use res/class-dist.png>
Package pdftex.def Info: res/class-dist.png  used on input line 7.
(pdftex.def)             Requested size: 225.48038pt x 156.7022pt.
LaTeX Font Info:    External font `cmex10' loaded for size
(Font)              <10.95> on input line 49.
<res/svm-lc.png, id=13, 435.0654pt x 330.9966pt>
File: res/svm-lc.png Graphic file (type png)
<use res/svm-lc.png>
Package pdftex.def Info: res/svm-lc.png  used on input line 83.
(pdftex.def)             Requested size: 225.48038pt x 171.54344pt.
 [2 <./res/class-dist.png>]
<res/svm-ft-lc.png, id=19, 442.2924pt x 330.9966pt>
File: res/svm-ft-lc.png Graphic file (type png)
<use res/svm-ft-lc.png>
Package pdftex.def Info: res/svm-ft-lc.png  used on input line 148.
(pdftex.def)             Requested size: 225.48038pt x 168.7454pt.
<res/logr-lc.png, id=20, 435.0654pt x 330.9966pt>
File: res/logr-lc.png Graphic file (type png)
<use res/logr-lc.png>
Package pdftex.def Info: res/logr-lc.png  used on input line 210.
(pdftex.def)             Requested size: 225.48038pt x 171.54344pt.
 [3 <./res/svm-lc.png> <./res/svm-ft-lc.png>]
<res/logr-ft-lc.png, id=26, 435.0654pt x 330.9966pt>
File: res/logr-ft-lc.png Graphic file (type png)
<use res/logr-ft-lc.png>
Package pdftex.def Info: res/logr-ft-lc.png  used on input line 270.
(pdftex.def)             Requested size: 225.48038pt x 171.54344pt.
<res/rf-lc.png, id=27, 435.0654pt x 330.9966pt>
File: res/rf-lc.png Graphic file (type png)
<use res/rf-lc.png>
Package pdftex.def Info: res/rf-lc.png  used on input line 333.
(pdftex.def)             Requested size: 225.48038pt x 171.54344pt.
 [4 <./res/logr-lc.png> <./res/logr-ft-lc.png>]
<res/rf-ft-lc.png, id=33, 435.0654pt x 330.9966pt>
File: res/rf-ft-lc.png Graphic file (type png)
<use res/rf-ft-lc.png>
Package pdftex.def Info: res/rf-ft-lc.png  used on input line 397.
(pdftex.def)             Requested size: 225.48038pt x 171.54344pt.
) (./analysis.tex) (./conclusion.tex (./report.bbl [5 <./res/rf-lc.png> <./res/rf-ft-lc.png>])
LaTeX Font Info:    External font `cmex10' loaded for size
(Font)              <9> on input line 9.
LaTeX Font Info:    External font `cmex10' loaded for size
(Font)              <5> on input line 9.
) [6

] (./report.aux)
 ***********
LaTeX2e <2023-11-01> patch level 1
L3 programming layer <2024-02-20>
 ***********
 ) 
Here is how much of TeX's memory you used:
 1458 strings out of 474116
 24356 string characters out of 5743682
 1949187 words of memory out of 5000000
 23830 multiletter control sequences out of 15000+600000
 564708 words of font info for 58 fonts, out of 8000000 for 9000
 1141 hyphenation exceptions out of 8191
 57i,10n,65p,1275b,244s stack positions out of 10000i,1000n,20000p,200000b,200000s
</usr/local/texlive/2024/texmf-dist/fonts/type1/public/amsfonts/cm/cmbx10.pfb></usr/local/texlive/2024/texmf-dist/fonts/type1/public/amsfonts/cm/cmbx12.pfb></usr/local/texlive/2024/texmf-dist/fonts/type1/public/amsfonts/cm/cmr10.pfb></usr/local/texlive/2024/texmf-dist/fonts/type1/public/amsfonts/cm/cmr6.pfb></usr/local/texlive/2024/texmf-dist/fonts/type1/public/amsfonts/cm/cmr8.pfb></usr/local/texlive/2024/texmf-dist/fonts/type1/public/amsfonts/cm/cmr9.pfb></usr/local/texlive/2024/texmf-dist/fonts/type1/public/amsfonts/cm/cmti10.pfb></usr/local/texlive/2024/texmf-dist/fonts/type1/public/amsfonts/cm/cmtt10.pfb></usr/local/texlive/2024/texmf-dist/fonts/type1/public/cm-super/sfrm1095.pfb>
Output written on report.pdf (6 pages, 349854 bytes).
PDF statistics:
 84 PDF objects out of 1000 (max. 8388607)
 43 compressed objects within 1 object stream
 0 named destinations out of 1000 (max. 500000)
 36 words of extra memory for PDF output out of 10000 (max. 10000000)

